{"ts": 1775472849.886614, "level": "INFO", "event": "usm_server_init"}
{"ts": 1775472849.918613, "level": "INFO", "event": "usm_api_started"}
{"ts": 1775472849.918722, "level": "INFO", "event": "usm_ws_start"}
{"ts": 1775472849.954166, "level": "INFO", "event": "usm_ws_ready"}
{"ts": 1775472853.009284, "level": "INFO", "event": "viewer_connected"}
{"ts": 1775472853.238341, "level": "INFO", "event": "publisher_connected"}
{"ts": 1775472853.241782, "level": "ERROR", "event": "publisher_error"}
{"ts": 1775472853.241961, "level": "INFO", "event": "publisher_disconnected"}
{"ts": 1775472853.852353, "level": "INFO", "event": "viewer_disconnected"}
{"ts": 1775472931.280998, "level": "INFO", "event": "viewer_connected"}
{"ts": 1775472931.520408, "level": "INFO", "event": "publisher_connected"}
{"ts": 1775472931.522072, "level": "ERROR", "event": "publisher_error"}
{"ts": 1775472931.522274, "level": "INFO", "event": "publisher_disconnected"}
{"ts": 1775472932.130352, "level": "INFO", "event": "viewer_disconnected"}
{"ts": 1775473220.634569, "level": "INFO", "event": "usm_server_init"}
{"ts": 1775473220.691753, "level": "INFO", "event": "usm_api_started"}
{"ts": 1775473220.797529, "level": "INFO", "event": "usm_ws_start"}
{"ts": 1775473220.820831, "level": "INFO", "event": "usm_ws_ready"}
{"ts": 1775473223.896694, "level": "INFO", "event": "viewer_connected"}
{"ts": 1775473224.122117, "level": "INFO", "event": "publisher_connected"}
{"ts": 1775473224.125677, "level": "ERROR", "event": "publisher_error"}
{"ts": 1775473224.125813, "level": "INFO", "event": "publisher_disconnected"}
{"ts": 1775473224.733649, "level": "INFO", "event": "viewer_disconnected"}
{"ts": 1775473390.297242, "level": "INFO", "event": "viewer_connected"}
{"ts": 1775473390.743573, "level": "INFO", "event": "publisher_connected"}
{"ts": 1775473390.746928, "level": "ERROR", "event": "publisher_error"}
{"ts": 1775473390.747104, "level": "INFO", "event": "publisher_disconnected"}
{"ts": 1775473391.55578, "level": "INFO", "event": "viewer_disconnected"}
{"ts": 1775473452.771348, "level": "INFO", "event": "publisher_connected"}
{"ts": 1775473452.773267, "level": "ERROR", "event": "publisher_error"}
{"ts": 1775473452.773371, "level": "INFO", "event": "publisher_disconnected"}
{"ts": 1775473744.471228, "level": "INFO", "event": "viewer_connected"}
{"ts": 1775473744.843796, "level": "INFO", "event": "publisher_connected"}
{"ts": 1775473744.849012, "level": "ERROR", "event": "publisher_error"}
{"ts": 1775473744.84924, "level": "INFO", "event": "publisher_disconnected"}
{"ts": 1775473745.65944, "level": "INFO", "event": "viewer_disconnected"}
